<?xml version="1.0" encoding="UTF-8" ?>
<testsuite tests="10" failures="1" name="calculator.RunCucumberTest" time="0.146" errors="0" skipped="0">
  <properties>
[...]
</properties>
  <testcase classname="As a user, I can add two numbers #1" name="simple integer addition" time="0.116"/>
  <testcase classname="As a user, I can add two numbers #2" name="negative integer addition" time="0.007">
    <failure message="expected:&lt;2&gt; but was:&lt;1&gt;" type="java.lang.AssertionError">java.lang.AssertionError: expected:&lt;2&gt; but was:&lt;1&gt;
	at org.junit.Assert.fail(Assert.java:89)
	at org.junit.Assert.failNotEquals(Assert.java:835)
	at org.junit.Assert.assertEquals(Assert.java:120)
	at org.junit.Assert.assertEquals(Assert.java:146)
	at calculator.StepDefinitions.the_result_should_be_on_the_screen(StepDefinitions.java:36)
	at ✽.the result should be 2 on the screen(classpath:calculator/1_CL-4.feature:9)
</failure>
    <system-out>
@REQ_CL-1 @TEST_CL-4
Scenario: negative integer addition           &amp;#27;[90m# calculator/1_CL-4.feature:5&amp;#27;[0m
  &amp;#27;[32mGiven &amp;#27;[0m&amp;#27;[32mI have entered &amp;#27;[0m&amp;#27;[32m&amp;#27;[1m-1&amp;#27;[0m&amp;#27;[32m into the calculator&amp;#27;[0m &amp;#27;[90m# calculator.StepDefinitions.i_have_entered_into_the_calculator(java.lang.Integer)&amp;#27;[0m
  &amp;#27;[32mAnd &amp;#27;[0m&amp;#27;[32mI have entered &amp;#27;[0m&amp;#27;[32m&amp;#27;[1m2&amp;#27;[0m&amp;#27;[32m into the calculator&amp;#27;[0m    &amp;#27;[90m# calculator.StepDefinitions.i_have_entered_into_the_calculator(java.lang.Integer)&amp;#27;[0m
  &amp;#27;[32mWhen &amp;#27;[0m&amp;#27;[32mI press add&amp;#27;[0m                            &amp;#27;[90m# calculator.StepDefinitions.i_press_add()&amp;#27;[0m
  &amp;#27;[31mThen &amp;#27;[0m&amp;#27;[31mthe result should be &amp;#27;[0m&amp;#27;[31m&amp;#27;[1m2&amp;#27;[0m&amp;#27;[31m on the screen&amp;#27;[0m   &amp;#27;[90m# calculator.StepDefinitions.the_result_should_be_on_the_screen(java.lang.Integer)&amp;#27;[0m
      &amp;#27;[31mjava.lang.AssertionError: expected:&lt;2&gt; but was:&lt;1&gt;
	at org.junit.Assert.fail(Assert.java:89)
	at org.junit.Assert.failNotEquals(Assert.java:835)
	at org.junit.Assert.assertEquals(Assert.java:120)
	at org.junit.Assert.assertEquals(Assert.java:146)
	at calculator.StepDefinitions.the_result_should_be_on_the_screen(StepDefinitions.java:36)
	at âœ½.the result should be 2 on the screen(classpath:calculator/1_CL-4.feature:9)
&amp;#27;[0m
</system-out>
  </testcase>
  <testcase classname="As a user, I can add two numbers #3" name="simple integer addition" time="0.005"/>
  <testcase classname="As a user, I can add two numbers #3" name="negative integer addition" time="0.003"/>
  <testcase classname="As a user, I can add two numbers #3" name="sum of two positive numbers #1" time="0.002"/>
  <testcase classname="As a user, I can add two numbers #3" name="sum of two positive numbers #2" time="0.003"/>
  <testcase classname="As a user, I can add two numbers #3" name="sum of two positive numbers #3" time="0.003"/>
  <testcase classname="As a user, I can add two numbers #3" name="sum of two positive numbers #4" time="0.003"/>
  <testcase classname="As a user, I can add two numbers #3" name="sum of two positive numbers #5" time="0.002"/>
  <testcase classname="As a user, I can multiply two numbers" name="simple integer multiplication" time="0.002"/>
</testsuite>